[    3735ms] Error: Minified React error #418; visit https://react.dev/errors/418?args[]= for the full message or use the non-minified dev environment for full errors and additional helpful warnings.
    at rO (https://static.licdn.com/aero-v1/sc/h/assets/kuu7tUnu.js:1:50371)
    at oV (https://static.licdn.com/aero-v1/sc/h/assets/kuu7tUnu.js:1:99613)
    at sh (https://static.licdn.com/aero-v1/sc/h/assets/kuu7tUnu.js:1:128139)
    at https://static.licdn.com/aero-v1/sc/h/assets/kuu7tUnu.js:1:124314
    at https://static.licdn.com/aero-v1/sc/h/assets/kuu7tUnu.js:1:124322
    at sr (https://static.licdn.com/aero-v1/sc/h/assets/kuu7tUnu.js:1:124419)
    at sV (https://static.licdn.com/aero-v1/sc/h/assets/kuu7tUnu.js:1:145647)
    at MessagePort.T (https://static.licdn.com/aero-v1/sc/h/assets/kuu7tUnu.js:1:14547)
[    3817ms] [WARNING] VIDEOJS: WARN: Using the tech directly can be dangerous. I hope you know what you're doing.
See https://github.com/videojs/video.js/issues/2617 for more info.
 @ https://static.licdn.com/aero-v1/sc/h/assets/ljCsPg2B.js:0
[    3844ms] [WARNING] Attribute 'exception.tags' of type 'object' could not be converted to a proto attribute. @ https://static.licdn.com/aero-v1/sc/h/assets/Cq3LkPDm.js:2
[    3844ms] [WARNING] Attribute 'exception.tags' of type 'object' could not be converted to a proto attribute. @ https://static.licdn.com/aero-v1/sc/h/assets/Cq3LkPDm.js:2
[    3925ms] [ERROR] Content contains tags or attributes that are not allowed:
Content: <MPD xmlns="urn:mpeg:dash:schema:mpd:2011" xmlns:xsi="http://www.w3.org/2001/XMLSchema-instance" xsi:schemaLocation="urn:mpeg:dash:schema:mpd:2011 http://standards.iso.org/ittf/PubliclyAvailableStandards/MPEG-DASH_schema_files/DASH-MPD.xsd" id="D5610AQGVgNZQD_hNew" profiles="urn:mpeg:dash:profile:isoff-on-demand:2011" type="static" mediaPresentationDuration="PT10.64S" minBufferTime="PT1.5S">
  <Period duration="PT10.64S">
    <AdaptationSet contentType="video" segmentAlignment="true" codecs="avc1.42001e,mp4a.40.2">
      <Representation id="B56Z8yJp2dGQCk-" bandwidth="1197502" width="960" height="540" codecs="avc1.42001e,mp4a.40.2" sar="16:9" frameRate="25/1" mimeType="video/iso.segment" qualityRanking="2">
        <SegmentList duration="4">
          <Initialization sourceURL="https://dms.licdn.com/playlist/vid/v2/D5610AQGVgNZQD_hNew/hls-540p-quality-analysis/B56Z8yJp2dGQCk-/1/1783252826072?e=1784094870&amp;v=beta&amp;t=ebV05i3ZIN2efVhhno18dABN5lKZMWZpDM7azWicNmo"/>
          <SegmentURL media="https://dms.licdn.com/playlist/vid/v2/D5610AQGVgNZQD_hNew/hls-540p-quality-analysis/B56Z8yJp2dGQCk-/2/1783252826072?e=1784094870&amp;v=beta&amp;t=g6xWatG4CtnW8avWwtZoO1n-GyCu7T5tc_-cEnrE5kA"/>
          <SegmentURL media="https://dms.licdn.com/playlist/vid/v2/D5610AQGVgNZQD_hNew/hls-540p-quality-analysis/B56Z8yJp2dGQCk-/3/1783252826072?e=1784094870&amp;v=beta&amp;t=eUvB8co-kGtmmI5aS_U6BkcBQK_V6vM-ZclJVz8k4M4"/>
          <SegmentURL media="https://dms.licdn.com/playlist/vid/v2/D5610AQGVgNZQD_hNew/hls-540p-quality-analysis/B56Z8yJp2dGQCk-/4/1783252826072?e=1784094870&amp;v=beta&amp;t=pxrawLqS2b-s3IT8eMOWcaq6o70AQGOkUGaSMCVn7sw"/>
        </SegmentList>
      </Representation>
      <Representation id="B56Z8yJp2dGQCo-" bandwidth="600334" width="854" height="480" codecs="avc1.42001e,mp4a.40.2" sar="16:9" frameRate="25/1" mimeType="video/iso.segment" qualityRanking="3">
        <SegmentList duration="4">
          <Initialization sourceURL="https://dms.licdn.com/playlist/vid/v2/D5610AQGVgNZQD_hNew/hls-480p-quality-analysis/B56Z8yJp2dGQCo-/1/1783252826072?e=1784094870&amp;v=beta&amp;t=DfDpgtwAbYUL81Vdu8ira-MkjFupvpvd8SJOTaZoqrI"/>
          <SegmentURL media="https://dms.licdn.com/playlist/vid/v2/D5610AQGVgNZQD_hNew/hls-480p-quality-analysis/B56Z8yJp2dGQCo-/2/1783252826072?e=1784094870&amp;v=beta&amp;t=9J8e3lYD7k1bbEUI2CjZM_Q7yFTMnGyjiak_Lj5XEo4"/>
          <SegmentURL media="https://dms.licdn.com/playlist/vid/v2/D5610AQGVgNZQD_hNew/hls-480p-quality-analysis/B56Z8yJp2dGQCo-/3/1783252826072?e=1784094870&amp;v=beta&amp;t=fk_JyrOVo9c1CEJ6jnWexT0iwLoYi2ZMOEaDWb-AFPU"/>
          <SegmentURL media="https://dms.licdn.com/playlist/vid/v2/D5610AQGVgNZQD_hNew/hls-480p-quality-analysis/B56Z8yJp2dGQCo-/4/1783252826072?e=1784094870&amp;v=beta&amp;t=vl9Jjkb5Lh4U6Y_u1WAuGCFeUyDzbBUj2ewQE7s7fR4"/>
        </SegmentList>
      </Representation>
      <Representation id="B56Z8yJp2dGQB8-" bandwidth="452800" width="640" height="360" codecs="avc1.42001e,mp4a.40.2" sar="16:9" frameRate="25/1" mimeType="video/iso.segment" qualityRanking="4">
        <SegmentList duration="4">
          <Initialization sourceURL="https://dms.licdn.com/playlist/vid/v2/D5610AQGVgNZQD_hNew/hls-360p-quality-analysis/B56Z8yJp2dGQB8-/1/1783252826072?e=1784094870&amp;v=beta&amp;t=SBlV3EDZqoSWL7Rq6Rr-LTeGYc_LyczIrZJzvnJ7L6U"/>
          <SegmentURL media="https://dms.licdn.com/playlist/vid/v2/D5610AQGVgNZQD_hNew/hls-360p-quality-analysis/B56Z8yJp2dGQB8-/2/1783252826072?e=1784094870&amp;v=beta&amp;t=w8wCuItdyqyNcTYszKyC7L9lNMWeZ8thCvfxhx0QOuA"/>
          <SegmentURL media="https://dms.licdn.com/playlist/vid/v2/D5610AQGVgNZQD_hNew/hls-360p-quality-analysis/B56Z8yJp2dGQB8-/3/1783252826072?e=1784094870&amp;v=beta&amp;t=iRcXp1Jq3s1nJO3W9En3DAc237ePO3ebM4wZqz_oHjo"/>
          <SegmentURL media="https://dms.licdn.com/playlist/vid/v2/D5610AQGVgNZQD_hNew/hls-360p-quality-analysis/B56Z8yJp2dGQB8-/4/1783252826072?e=1784094870&amp;v=beta&amp;t=h4H1AQQdWno4k3IcFvajMfVLgAuwqgyfIKu1wHrV7oA"/>
        </SegmentList>
      </Representation>
      <Representation id="B56Z8yJp2dGQCw-" bandwidth="1889868" width="1280" height="720" codecs="avc1.42001e,mp4a.40.2" sar="16:9" frameRate="25/1" mimeType="video/iso.segment" qualityRanking="1">
        <SegmentList duration="4">
          <Initialization sourceURL="https://dms.licdn.com/playlist/vid/v2/D5610AQGVgNZQD_hNew/hls-720p-quality-analysis/B56Z8yJp2dGQCw-/1/1783252826072?e=1784094870&amp;v=beta&amp;t=IBT1hE_5_L61NKV4dHZXV8z_UPeQ0tdNfHnNrk5gEl0"/>
          <SegmentURL media="https://dms.licdn.com/playlist/vid/v2/D5610AQGVgNZQD_hNew/hls-720p-quality-analysis/B56Z8yJp2dGQCw-/2/1783252826072?e=1784094870&amp;v=beta&amp;t=dA7QN51-iJZ4oWHL-GfYiu439GxTtvPrvBIbMPIfh_4"/>
          <SegmentURL media="https://dms.licdn.com/playlist/vid/v2/D5610AQGVgNZQD_hNew/hls-720p-quality-analysis/B56Z8yJp2dGQCw-/3/1783252826072?e=1784094870&amp;v=beta&amp;t=_liDFh0e4WSUWB46Zw_n5pHHG9qxmpWLOX0cXmFDju4"/>
          <SegmentURL media="https://dms.licdn.com/playlist/vid/v2/D5610AQGVgNZQD_hNew/hls-720p-quality-analysis/B56Z8yJp2dGQCw-/4/1783252826072?e=1784094870&amp;v=beta&amp;t=dRHpGdZDI_qxe4TztJPRGwiAbV5DxQaEZzzKRzpyNG4"/>
        </SegmentList>
      </Representation>
    </AdaptationSet>
    <AdaptationSet contentType="video" segmentAlignment="true" codecs="av01.0.04M.10,mp4a.40.2">
      <Representation id="B56Z8yJp2dGQCA-" bandwidth="2281714" width="1280" height="720" codecs="av01.0.04M.10,mp4a.40.2" sar="16:9" frameRate="25/1" mimeType="video/iso.segment" qualityRanking="0">
        <SegmentList duration="4">
          <Initialization sourceURL="https://dms.licdn.com/playlist/vid/v2/D5610AQGVgNZQD_hNew/hls-av1-720p-quality-analysis/B56Z8yJp2dGQCA-/1/1783252880773?e=1784094870&amp;v=beta&amp;t=h0DT_eSUkRUCaXlmvW16nZXQ_1xX_Lp17sfdW29fok8"/>
          <SegmentURL media="https://dms.licdn.com/playlist/vid/v2/D5610AQGVgNZQD_hNew/hls-av1-720p-quality-analysis/B56Z8yJp2dGQCA-/2/1783252880773?e=1784094870&amp;v=beta&amp;t=qddvj12tNzJ1HTdHeeoAm3Hi0Qq2TahVkVSAjYbNvUw"/>
          <SegmentURL media="https://dms.licdn.com/playlist/vid/v2/D5610AQGVgNZQD_hNew/hls-av1-720p-quality-analysis/B56Z8yJp2dGQCA-/3/1783252880773?e=1784094870&amp;v=beta&amp;t=NmhNnjQJ4Web-_qAzF6lNXfVtEV4kFQjYyHc_GHAbsc"/>
          <SegmentURL media="https://dms.licdn.com/playlist/vid/v2/D5610AQGVgNZQD_hNew/hls-av1-720p-quality-analysis/B56Z8yJp2dGQCA-/4/1783252880773?e=1784094870&amp;v=beta&amp;t=8rpH_3cl9vFRfBmJwkq-OzWMuejpf1ZtCD2975i9F2w"/>
        </SegmentList>
      </Representation>
    </AdaptationSet>
  </Period>
</MPD>
 @ https://static.licdn.com/aero-v1/sc/h/assets/CoFIYgbG.js:0
[    3925ms] [ERROR] HTML sanitized: <MPD xmlns="urn:mpeg:dash:schema:mpd:2011" xmlns:xsi="http://www.w3.org/2001/XMLSchema-instance" xsi:schemaLocation="urn:mpeg:dash:schema:mpd:2011 http://standards.iso.org/ittf/PubliclyAvailableStandards/MPEG-DASH_schema_files/DASH-MPD.xsd" id="D5610AQGVgNZQD_hNew" profiles="urn:mpeg:dash:profile:isoff-on-demand:2011" type="static" mediaPresentationDuration="PT10.64S" minBufferTime="PT1.5S">
  <Period duration="PT10.64S">
    <AdaptationSet contentType="video" segmentAlignment="true" codecs="avc1.42001e,mp4a.40.2">
      <Representation id="B56Z8yJp2dGQCk-" bandwidth="1197502" width="960" height="540" codecs="avc1.42001e,mp4a.40.2" sar="16:9" frameRate="25/1" mimeType="video/iso.segment" qualityRanking="2">
        <SegmentList duration="4">
          <Initialization sourceURL="https://dms.licdn.com/playlist/vid/v2/D5610AQGVgNZQD_hNew/hls-540p-quality-analysis/B56Z8yJp2dGQCk-/1/1783252826072?e=1784094870&amp;v=beta&amp;t=ebV05i3ZIN2efVhhno18dABN5lKZMWZpDM7azWicNmo"/>
          <SegmentURL media="https://dms.licdn.com/playlist/vid/v2/D5610AQGVgNZQD_hNew/hls-540p-quality-analysis/B56Z8yJp2dGQCk-/2/1783252826072?e=1784094870&amp;v=beta&amp;t=g6xWatG4CtnW8avWwtZoO1n-GyCu7T5tc_-cEnrE5kA"/>
          <SegmentURL media="https://dms.licdn.com/playlist/vid/v2/D5610AQGVgNZQD_hNew/hls-540p-quality-analysis/B56Z8yJp2dGQCk-/3/1783252826072?e=1784094870&amp;v=beta&amp;t=eUvB8co-kGtmmI5aS_U6BkcBQK_V6vM-ZclJVz8k4M4"/>
          <SegmentURL media="https://dms.licdn.com/playlist/vid/v2/D5610AQGVgNZQD_hNew/hls-540p-quality-analysis/B56Z8yJp2dGQCk-/4/1783252826072?e=1784094870&amp;v=beta&amp;t=pxrawLqS2b-s3IT8eMOWcaq6o70AQGOkUGaSMCVn7sw"/>
        </SegmentList>
      </Representation>
      <Representation id="B56Z8yJp2dGQCo-" bandwidth="600334" width="854" height="480" codecs="avc1.42001e,mp4a.40.2" sar="16:9" frameRate="25/1" mimeType="video/iso.segment" qualityRanking="3">
        <SegmentList duration="4">
          <Initialization sourceURL="https://dms.licdn.com/playlist/vid/v2/D5610AQGVgNZQD_hNew/hls-480p-quality-analysis/B56Z8yJp2dGQCo-/1/1783252826072?e=1784094870&amp;v=beta&amp;t=DfDpgtwAbYUL81Vdu8ira-MkjFupvpvd8SJOTaZoqrI"/>
          <SegmentURL media="https://dms.licdn.com/playlist/vid/v2/D5610AQGVgNZQD_hNew/hls-480p-quality-analysis/B56Z8yJp2dGQCo-/2/1783252826072?e=1784094870&amp;v=beta&amp;t=9J8e3lYD7k1bbEUI2CjZM_Q7yFTMnGyjiak_Lj5XEo4"/>
          <SegmentURL media="https://dms.licdn.com/playlist/vid/v2/D5610AQGVgNZQD_hNew/hls-480p-quality-analysis/B56Z8yJp2dGQCo-/3/1783252826072?e=1784094870&amp;v=beta&amp;t=fk_JyrOVo9c1CEJ6jnWexT0iwLoYi2ZMOEaDWb-AFPU"/>
          <SegmentURL media="https://dms.licdn.com/playlist/vid/v2/D5610AQGVgNZQD_hNew/hls-480p-quality-analysis/B56Z8yJp2dGQCo-/4/1783252826072?e=1784094870&amp;v=beta&amp;t=vl9Jjkb5Lh4U6Y_u1WAuGCFeUyDzbBUj2ewQE7s7fR4"/>
        </SegmentList>
      </Representation>
      <Representation id="B56Z8yJp2dGQB8-" bandwidth="452800" width="640" height="360" codecs="avc1.42001e,mp4a.40.2" sar="16:9" frameRate="25/1" mimeType="video/iso.segment" qualityRanking="4">
        <SegmentList duration="4">
          <Initialization sourceURL="https://dms.licdn.com/playlist/vid/v2/D5610AQGVgNZQD_hNew/hls-360p-quality-analysis/B56Z8yJp2dGQB8-/1/1783252826072?e=1784094870&amp;v=beta&amp;t=SBlV3EDZqoSWL7Rq6Rr-LTeGYc_LyczIrZJzvnJ7L6U"/>
          <SegmentURL media="https://dms.licdn.com/playlist/vid/v2/D5610AQGVgNZQD_hNew/hls-360p-quality-analysis/B56Z8yJp2dGQB8-/2/1783252826072?e=1784094870&amp;v=beta&amp;t=w8wCuItdyqyNcTYszKyC7L9lNMWeZ8thCvfxhx0QOuA"/>
          <SegmentURL media="https://dms.licdn.com/playlist/vid/v2/D5610AQGVgNZQD_hNew/hls-360p-quality-analysis/B56Z8yJp2dGQB8-/3/1783252826072?e=1784094870&amp;v=beta&amp;t=iRcXp1Jq3s1nJO3W9En3DAc237ePO3ebM4wZqz_oHjo"/>
          <SegmentURL media="https://dms.licdn.com/playlist/vid/v2/D5610AQGVgNZQD_hNew/hls-360p-quality-analysis/B56Z8yJp2dGQB8-/4/1783252826072?e=1784094870&amp;v=beta&amp;t=h4H1AQQdWno4k3IcFvajMfVLgAuwqgyfIKu1wHrV7oA"/>
        </SegmentList>
      </Representation>
      <Representation id="B56Z8yJp2dGQCw-" bandwidth="1889868" width="1280" height="720" codecs="avc1.42001e,mp4a.40.2" sar="16:9" frameRate="25/1" mimeType="video/iso.segment" qualityRanking="1">
        <SegmentList duration="4">
          <Initialization sourceURL="https://dms.licdn.com/playlist/vid/v2/D5610AQGVgNZQD_hNew/hls-720p-quality-analysis/B56Z8yJp2dGQCw-/1/1783252826072?e=1784094870&amp;v=beta&amp;t=IBT1hE_5_L61NKV4dHZXV8z_UPeQ0tdNfHnNrk5gEl0"/>
          <SegmentURL media="https://dms.licdn.com/playlist/vid/v2/D5610AQGVgNZQD_hNew/hls-720p-quality-analysis/B56Z8yJp2dGQCw-/2/1783252826072?e=1784094870&amp;v=beta&amp;t=dA7QN51-iJZ4oWHL-GfYiu439GxTtvPrvBIbMPIfh_4"/>
          <SegmentURL media="https://dms.licdn.com/playlist/vid/v2/D5610AQGVgNZQD_hNew/hls-720p-quality-analysis/B56Z8yJp2dGQCw-/3/1783252826072?e=1784094870&amp;v=beta&amp;t=_liDFh0e4WSUWB46Zw_n5pHHG9qxmpWLOX0cXmFDju4"/>
          <SegmentURL media="https://dms.licdn.com/playlist/vid/v2/D5610AQGVgNZQD_hNew/hls-720p-quality-analysis/B56Z8yJp2dGQCw-/4/1783252826072?e=1784094870&amp;v=beta&amp;t=dRHpGdZDI_qxe4TztJPRGwiAbV5DxQaEZzzKRzpyNG4"/>
        </SegmentList>
      </Representation>
    </AdaptationSet>
    <AdaptationSet contentType="video" segmentAlignment="true" codecs="av01.0.04M.10,mp4a.40.2">
      <Representation id="B56Z8yJp2dGQCA-" bandwidth="2281714" width="1280" height="720" codecs="av01.0.04M.10,mp4a.40.2" sar="16:9" frameRate="25/1" mimeType="video/iso.segment" qualityRanking="0">
        <SegmentList duration="4">
          <Initialization sourceURL="https://dms.licdn.com/playlist/vid/v2/D5610AQGVgNZQD_hNew/hls-av1-720p-quality-analysis/B56Z8yJp2dGQCA-/1/1783252880773?e=1784094870&amp;v=beta&amp;t=h0DT_eSUkRUCaXlmvW16nZXQ_1xX_Lp17sfdW29fok8"/>
          <SegmentURL media="https://dms.licdn.com/playlist/vid/v2/D5610AQGVgNZQD_hNew/hls-av1-720p-quality-analysis/B56Z8yJp2dGQCA-/2/1783252880773?e=1784094870&amp;v=beta&amp;t=qddvj12tNzJ1HTdHeeoAm3Hi0Qq2TahVkVSAjYbNvUw"/>
          <SegmentURL media="https://dms.licdn.com/playlist/vid/v2/D5610AQGVgNZQD_hNew/hls-av1-720p-quality-analysis/B56Z8yJp2dGQCA-/3/1783252880773?e=1784094870&amp;v=beta&amp;t=NmhNnjQJ4Web-_qAzF6lNXfVtEV4kFQjYyHc_GHAbsc"/>
          <SegmentURL media="https://dms.licdn.com/playlist/vid/v2/D5610AQGVgNZQD_hNew/hls-av1-720p-quality-analysis/B56Z8yJp2dGQCA-/4/1783252880773?e=1784094870&amp;v=beta&amp;t=8rpH_3cl9vFRfBmJwkq-OzWMuejpf1ZtCD2975i9F2w"/>
        </SegmentList>
      </Representation>
    </AdaptationSet>
  </Period>
</MPD>
 @ https://static.licdn.com/aero-v1/sc/h/assets/CoFIYgbG.js:0
[    4022ms] [WARNING] Attribute 'exception.tags' of type 'object' could not be converted to a proto attribute. @ https://static.licdn.com/aero-v1/sc/h/assets/Cq3LkPDm.js:2
[    4023ms] [WARNING] Attribute 'exception.tags' of type 'object' could not be converted to a proto attribute. @ https://static.licdn.com/aero-v1/sc/h/assets/Cq3LkPDm.js:2
[    5493ms] [ERROR] Failed to load resource: net::ERR_FAILED @ chrome-extension://invalid/:0
[    5610ms] [ERROR] Failed to load resource: net::ERR_FAILED @ chrome-extension://invalid/:0
[    5712ms] [ERROR] Failed to load resource: net::ERR_FAILED @ chrome-extension://invalid/:0
[    5836ms] [ERROR] Failed to load resource: net::ERR_FAILED @ chrome-extension://invalid/:0
[    5937ms] [ERROR] Failed to load resource: net::ERR_FAILED @ chrome-extension://invalid/:0
[    6038ms] [ERROR] Failed to load resource: net::ERR_FAILED @ chrome-extension://invalid/:0
[    6142ms] [ERROR] Failed to load resource: net::ERR_FAILED @ chrome-extension://invalid/:0
[    6244ms] [ERROR] Failed to load resource: net::ERR_FAILED @ chrome-extension://invalid/:0
[    6347ms] [ERROR] Failed to load resource: net::ERR_FAILED @ chrome-extension://invalid/:0
[    6452ms] [ERROR] Failed to load resource: net::ERR_FAILED @ chrome-extension://invalid/:0
[    6558ms] [ERROR] Failed to load resource: net::ERR_FAILED @ chrome-extension://invalid/:0
[    6662ms] [ERROR] Failed to load resource: net::ERR_FAILED @ chrome-extension://invalid/:0
[    6766ms] [ERROR] Failed to load resource: net::ERR_FAILED @ chrome-extension://invalid/:0
[    6869ms] [ERROR] Failed to load resource: net::ERR_FAILED @ chrome-extension://invalid/:0
[    6972ms] [ERROR] Failed to load resource: net::ERR_FAILED @ chrome-extension://invalid/:0
[    7074ms] [ERROR] Failed to load resource: net::ERR_FAILED @ chrome-extension://invalid/:0
[    7175ms] [ERROR] Failed to load resource: net::ERR_FAILED @ chrome-extension://invalid/:0
[    7277ms] [ERROR] Failed to load resource: net::ERR_FAILED @ chrome-extension://invalid/:0
[    7379ms] [ERROR] Failed to load resource: net::ERR_FAILED @ chrome-extension://invalid/:0
[    7481ms] [ERROR] Failed to load resource: net::ERR_FAILED @ chrome-extension://invalid/:0
[    7582ms] [ERROR] Failed to load resource: net::ERR_FAILED @ chrome-extension://invalid/:0
[    7684ms] [ERROR] Failed to load resource: net::ERR_FAILED @ chrome-extension://invalid/:0
[    7786ms] [ERROR] Failed to load resource: net::ERR_FAILED @ chrome-extension://invalid/:0
[    7889ms] [ERROR] Failed to load resource: net::ERR_FAILED @ chrome-extension://invalid/:0
[    7992ms] [ERROR] Failed to load resource: net::ERR_FAILED @ chrome-extension://invalid/:0
[    8095ms] [ERROR] Failed to load resource: net::ERR_FAILED @ chrome-extension://invalid/:0
[    8199ms] [ERROR] Failed to load resource: net::ERR_FAILED @ chrome-extension://invalid/:0
[    8300ms] [ERROR] Failed to load resource: net::ERR_FAILED @ chrome-extension://invalid/:0
[    8405ms] [ERROR] Failed to load resource: net::ERR_FAILED @ chrome-extension://invalid/:0
[    8508ms] [ERROR] Failed to load resource: net::ERR_FAILED @ chrome-extension://invalid/:0
[    8613ms] [ERROR] Failed to load resource: net::ERR_FAILED @ chrome-extension://invalid/:0
[    8715ms] [ERROR] Failed to load resource: net::ERR_FAILED @ chrome-extension://invalid/:0
[    8820ms] [ERROR] Failed to load resource: net::ERR_FAILED @ chrome-extension://invalid/:0
[    8921ms] [ERROR] Failed to load resource: net::ERR_FAILED @ chrome-extension://invalid/:0
[    9022ms] [ERROR] Failed to load resource: net::ERR_FAILED @ chrome-extension://invalid/:0
[    9125ms] [ERROR] Failed to load resource: net::ERR_FAILED @ chrome-extension://invalid/:0
[    9227ms] [ERROR] Failed to load resource: net::ERR_FAILED @ chrome-extension://invalid/:0
[    9330ms] [ERROR] Failed to load resource: net::ERR_FAILED @ chrome-extension://invalid/:0
[    9447ms] [ERROR] Failed to load resource: net::ERR_FAILED @ chrome-extension://invalid/:0
[    9548ms] [ERROR] Failed to load resource: net::ERR_FAILED @ chrome-extension://invalid/:0
[    9650ms] [ERROR] Failed to load resource: net::ERR_FAILED @ chrome-extension://invalid/:0
[    9751ms] [ERROR] Failed to load resource: net::ERR_FAILED @ chrome-extension://invalid/:0
[    9852ms] [ERROR] Failed to load resource: net::ERR_FAILED @ chrome-extension://invalid/:0
[    9952ms] [ERROR] Failed to load resource: net::ERR_FAILED @ chrome-extension://invalid/:0
[   10054ms] [ERROR] Failed to load resource: net::ERR_FAILED @ chrome-extension://invalid/:0
[   10155ms] [ERROR] Failed to load resource: net::ERR_FAILED @ chrome-extension://invalid/:0
[   10269ms] [ERROR] Failed to load resource: net::ERR_FAILED @ chrome-extension://invalid/:0
[   10370ms] [ERROR] Failed to load resource: net::ERR_FAILED @ chrome-extension://invalid/:0
[   10470ms] [ERROR] Failed to load resource: net::ERR_FAILED @ chrome-extension://invalid/:0
[   10572ms] [ERROR] Failed to load resource: net::ERR_FAILED @ chrome-extension://invalid/:0
[   10674ms] [ERROR] Failed to load resource: net::ERR_FAILED @ chrome-extension://invalid/:0
[   10776ms] [ERROR] Failed to load resource: net::ERR_FAILED @ chrome-extension://invalid/:0
[   10877ms] [ERROR] Failed to load resource: net::ERR_FAILED @ chrome-extension://invalid/:0
[   10979ms] [ERROR] Failed to load resource: net::ERR_FAILED @ chrome-extension://invalid/:0
[   11082ms] [ERROR] Failed to load resource: net::ERR_FAILED @ chrome-extension://invalid/:0
[   11184ms] [ERROR] Failed to load resource: net::ERR_FAILED @ chrome-extension://invalid/:0
[   11285ms] [ERROR] Failed to load resource: net::ERR_FAILED @ chrome-extension://invalid/:0
[   11386ms] [ERROR] Failed to load resource: net::ERR_FAILED @ chrome-extension://invalid/:0
[   11488ms] [ERROR] Failed to load resource: net::ERR_FAILED @ chrome-extension://invalid/:0
[   11590ms] [ERROR] Failed to load resource: net::ERR_FAILED @ chrome-extension://invalid/:0
[   11694ms] [ERROR] Failed to load resource: net::ERR_FAILED @ chrome-extension://invalid/:0
[   11798ms] [ERROR] Failed to load resource: net::ERR_FAILED @ chrome-extension://invalid/:0
[   11906ms] [ERROR] Failed to load resource: net::ERR_FAILED @ chrome-extension://invalid/:0
[   12008ms] [ERROR] Failed to load resource: net::ERR_FAILED @ chrome-extension://invalid/:0
[   12110ms] [ERROR] Failed to load resource: net::ERR_FAILED @ chrome-extension://invalid/:0
[   12212ms] [ERROR] Failed to load resource: net::ERR_FAILED @ chrome-extension://invalid/:0
[   12314ms] [ERROR] Failed to load resource: net::ERR_FAILED @ chrome-extension://invalid/:0
[   12416ms] [ERROR] Failed to load resource: net::ERR_FAILED @ chrome-extension://invalid/:0
[   12519ms] [ERROR] Failed to load resource: net::ERR_FAILED @ chrome-extension://invalid/:0
[   12622ms] [ERROR] Failed to load resource: net::ERR_FAILED @ chrome-extension://invalid/:0
[   12724ms] [ERROR] Failed to load resource: net::ERR_FAILED @ chrome-extension://invalid/:0
[   12831ms] [ERROR] Failed to load resource: net::ERR_FAILED @ chrome-extension://invalid/:0
[   12933ms] [ERROR] Failed to load resource: net::ERR_FAILED @ chrome-extension://invalid/:0
[   13038ms] [ERROR] Failed to load resource: net::ERR_FAILED @ chrome-extension://invalid/:0
[   13143ms] [ERROR] Failed to load resource: net::ERR_FAILED @ chrome-extension://invalid/:0
[   13245ms] [ERROR] Failed to load resource: net::ERR_FAILED @ chrome-extension://invalid/:0
[   13348ms] [ERROR] Failed to load resource: net::ERR_FAILED @ chrome-extension://invalid/:0
[   13452ms] [ERROR] Failed to load resource: net::ERR_FAILED @ chrome-extension://invalid/:0
[   13554ms] [ERROR] Failed to load resource: net::ERR_FAILED @ chrome-extension://invalid/:0
[   13657ms] [ERROR] Failed to load resource: net::ERR_FAILED @ chrome-extension://invalid/:0
[   13763ms] [ERROR] Failed to load resource: net::ERR_FAILED @ chrome-extension://invalid/:0
[   13867ms] [ERROR] Failed to load resource: net::ERR_FAILED @ chrome-extension://invalid/:0
[   13973ms] [ERROR] Failed to load resource: net::ERR_FAILED @ chrome-extension://invalid/:0
[   14078ms] [ERROR] Failed to load resource: net::ERR_FAILED @ chrome-extension://invalid/:0
[   14179ms] [ERROR] Failed to load resource: net::ERR_FAILED @ chrome-extension://invalid/:0
[   14281ms] [ERROR] Failed to load resource: net::ERR_FAILED @ chrome-extension://invalid/:0
[   14383ms] [ERROR] Failed to load resource: net::ERR_FAILED @ chrome-extension://invalid/:0
[   14487ms] [ERROR] Failed to load resource: net::ERR_FAILED @ chrome-extension://invalid/:0
[   14590ms] [ERROR] Failed to load resource: net::ERR_FAILED @ chrome-extension://invalid/:0
[   14697ms] [ERROR] Failed to load resource: net::ERR_FAILED @ chrome-extension://invalid/:0
[   14799ms] [ERROR] Failed to load resource: net::ERR_FAILED @ chrome-extension://invalid/:0
[   14903ms] [ERROR] Failed to load resource: net::ERR_FAILED @ chrome-extension://invalid/:0
[   15005ms] [ERROR] Failed to load resource: net::ERR_FAILED @ chrome-extension://invalid/:0
[   15107ms] [ERROR] Failed to load resource: net::ERR_FAILED @ chrome-extension://invalid/:0
[   15209ms] [ERROR] Failed to load resource: net::ERR_FAILED @ chrome-extension://invalid/:0
[   15312ms] [ERROR] Failed to load resource: net::ERR_FAILED @ chrome-extension://invalid/:0
[   15414ms] [ERROR] Failed to load resource: net::ERR_FAILED @ chrome-extension://invalid/:0
[   15515ms] [ERROR] Failed to load resource: net::ERR_FAILED @ chrome-extension://invalid/:0
[   15617ms] [ERROR] Failed to load resource: net::ERR_FAILED @ chrome-extension://invalid/:0
[   15721ms] [ERROR] Failed to load resource: net::ERR_FAILED @ chrome-extension://invalid/:0
[   15822ms] [ERROR] Failed to load resource: net::ERR_FAILED @ chrome-extension://invalid/:0
[   15924ms] [ERROR] Failed to load resource: net::ERR_FAILED @ chrome-extension://invalid/:0
[   16027ms] [ERROR] Failed to load resource: net::ERR_FAILED @ chrome-extension://invalid/:0
[   16132ms] [ERROR] Failed to load resource: net::ERR_FAILED @ chrome-extension://invalid/:0
[   16238ms] [ERROR] Failed to load resource: net::ERR_FAILED @ chrome-extension://invalid/:0
[   16340ms] [ERROR] Failed to load resource: net::ERR_FAILED @ chrome-extension://invalid/:0
[   16444ms] [ERROR] Failed to load resource: net::ERR_FAILED @ chrome-extension://invalid/:0
[   16549ms] [ERROR] Failed to load resource: net::ERR_FAILED @ chrome-extension://invalid/:0
[   16653ms] [ERROR] Failed to load resource: net::ERR_FAILED @ chrome-extension://invalid/:0
[   16760ms] [ERROR] Failed to load resource: net::ERR_FAILED @ chrome-extension://invalid/:0
[   16864ms] [ERROR] Failed to load resource: net::ERR_FAILED @ chrome-extension://invalid/:0
[   16971ms] [ERROR] Failed to load resource: net::ERR_FAILED @ chrome-extension://invalid/:0
[   17073ms] [ERROR] Failed to load resource: net::ERR_FAILED @ chrome-extension://invalid/:0
[   17176ms] [ERROR] Failed to load resource: net::ERR_FAILED @ chrome-extension://invalid/:0
[   17279ms] [ERROR] Failed to load resource: net::ERR_FAILED @ chrome-extension://invalid/:0
[   17382ms] [ERROR] Failed to load resource: net::ERR_FAILED @ chrome-extension://invalid/:0
[   17485ms] [ERROR] Failed to load resource: net::ERR_FAILED @ chrome-extension://invalid/:0
[   17589ms] [ERROR] Failed to load resource: net::ERR_FAILED @ chrome-extension://invalid/:0
[   17690ms] [ERROR] Failed to load resource: net::ERR_FAILED @ chrome-extension://invalid/:0
[   17793ms] [ERROR] Failed to load resource: net::ERR_FAILED @ chrome-extension://invalid/:0
[   17894ms] [ERROR] Failed to load resource: net::ERR_FAILED @ chrome-extension://invalid/:0
[   18000ms] [ERROR] Failed to load resource: net::ERR_FAILED @ chrome-extension://invalid/:0
[   18105ms] [ERROR] Failed to load resource: net::ERR_FAILED @ chrome-extension://invalid/:0
[   18208ms] [ERROR] Failed to load resource: net::ERR_FAILED @ chrome-extension://invalid/:0
[   18311ms] [ERROR] Failed to load resource: net::ERR_FAILED @ chrome-extension://invalid/:0
[   18414ms] [ERROR] Failed to load resource: net::ERR_FAILED @ chrome-extension://invalid/:0
[   18516ms] [ERROR] Failed to load resource: net::ERR_FAILED @ chrome-extension://invalid/:0
[   18619ms] [ERROR] Failed to load resource: net::ERR_FAILED @ chrome-extension://invalid/:0
[   18723ms] [ERROR] Failed to load resource: net::ERR_FAILED @ chrome-extension://invalid/:0
[   18826ms] [ERROR] Failed to load resource: net::ERR_FAILED @ chrome-extension://invalid/:0
[   18927ms] [ERROR] Failed to load resource: net::ERR_FAILED @ chrome-extension://invalid/:0
[   19033ms] [ERROR] Failed to load resource: net::ERR_FAILED @ chrome-extension://invalid/:0
[   19135ms] [ERROR] Failed to load resource: net::ERR_FAILED @ chrome-extension://invalid/:0
[   19242ms] [ERROR] Failed to load resource: net::ERR_FAILED @ chrome-extension://invalid/:0
[   19349ms] [ERROR] Failed to load resource: net::ERR_FAILED @ chrome-extension://invalid/:0
[   19453ms] [ERROR] Failed to load resource: net::ERR_FAILED @ chrome-extension://invalid/:0
[   19557ms] [ERROR] Failed to load resource: net::ERR_FAILED @ chrome-extension://invalid/:0
[   19664ms] [ERROR] Failed to load resource: net::ERR_FAILED @ chrome-extension://invalid/:0
[   19767ms] [ERROR] Failed to load resource: net::ERR_FAILED @ chrome-extension://invalid/:0
[   19868ms] [ERROR] Failed to load resource: net::ERR_FAILED @ chrome-extension://invalid/:0
[   19974ms] [ERROR] Failed to load resource: net::ERR_FAILED @ chrome-extension://invalid/:0
[   20075ms] [ERROR] Failed to load resource: net::ERR_FAILED @ chrome-extension://invalid/:0
[   20177ms] [ERROR] Failed to load resource: net::ERR_FAILED @ chrome-extension://invalid/:0
[   20279ms] [ERROR] Failed to load resource: net::ERR_FAILED @ chrome-extension://invalid/:0
[   20381ms] [ERROR] Failed to load resource: net::ERR_FAILED @ chrome-extension://invalid/:0
[   20484ms] [ERROR] Failed to load resource: net::ERR_FAILED @ chrome-extension://invalid/:0
[   20588ms] [ERROR] Failed to load resource: net::ERR_FAILED @ chrome-extension://invalid/:0
[   20691ms] [ERROR] Failed to load resource: net::ERR_FAILED @ chrome-extension://invalid/:0
[   20796ms] [ERROR] Failed to load resource: net::ERR_FAILED @ chrome-extension://invalid/:0
[   20901ms] [ERROR] Failed to load resource: net::ERR_FAILED @ chrome-extension://invalid/:0
[   21006ms] [ERROR] Failed to load resource: net::ERR_FAILED @ chrome-extension://invalid/:0
[   21108ms] [ERROR] Failed to load resource: net::ERR_FAILED @ chrome-extension://invalid/:0
[   21209ms] [ERROR] Failed to load resource: net::ERR_FAILED @ chrome-extension://invalid/:0
[   21312ms] [ERROR] Failed to load resource: net::ERR_FAILED @ chrome-extension://invalid/:0
[   21414ms] [ERROR] Failed to load resource: net::ERR_FAILED @ chrome-extension://invalid/:0
[   21516ms] [ERROR] Failed to load resource: net::ERR_FAILED @ chrome-extension://invalid/:0
[   21619ms] [ERROR] Failed to load resource: net::ERR_FAILED @ chrome-extension://invalid/:0
[   21723ms] [ERROR] Failed to load resource: net::ERR_FAILED @ chrome-extension://invalid/:0
[   21826ms] [ERROR] Failed to load resource: net::ERR_FAILED @ chrome-extension://invalid/:0
[   21930ms] [ERROR] Failed to load resource: net::ERR_FAILED @ chrome-extension://invalid/:0
[   22031ms] [ERROR] Failed to load resource: net::ERR_FAILED @ chrome-extension://invalid/:0
[   22137ms] [ERROR] Failed to load resource: net::ERR_FAILED @ chrome-extension://invalid/:0
[   22241ms] [ERROR] Failed to load resource: net::ERR_FAILED @ chrome-extension://invalid/:0
[   22344ms] [ERROR] Failed to load resource: net::ERR_FAILED @ chrome-extension://invalid/:0
[   22448ms] [ERROR] Failed to load resource: net::ERR_FAILED @ chrome-extension://invalid/:0
[   22550ms] [ERROR] Failed to load resource: net::ERR_FAILED @ chrome-extension://invalid/:0
[   22653ms] [ERROR] Failed to load resource: net::ERR_FAILED @ chrome-extension://invalid/:0
[   22755ms] [ERROR] Failed to load resource: net::ERR_FAILED @ chrome-extension://invalid/:0
[   22862ms] [ERROR] Failed to load resource: net::ERR_FAILED @ chrome-extension://invalid/:0
[   22966ms] [ERROR] Failed to load resource: net::ERR_FAILED @ chrome-extension://invalid/:0
[   23069ms] [ERROR] Failed to load resource: net::ERR_FAILED @ chrome-extension://invalid/:0
[   23173ms] [ERROR] Failed to load resource: net::ERR_FAILED @ chrome-extension://invalid/:0
[   23279ms] [ERROR] Failed to load resource: net::ERR_FAILED @ chrome-extension://invalid/:0
[   23381ms] [ERROR] Failed to load resource: net::ERR_FAILED @ chrome-extension://invalid/:0
[   23483ms] [ERROR] Failed to load resource: net::ERR_FAILED @ chrome-extension://invalid/:0
[   23585ms] [ERROR] Failed to load resource: net::ERR_FAILED @ chrome-extension://invalid/:0
[   23687ms] [ERROR] Failed to load resource: net::ERR_FAILED @ chrome-extension://invalid/:0
[   23791ms] [ERROR] Failed to load resource: net::ERR_FAILED @ chrome-extension://invalid/:0
[   23896ms] [ERROR] Failed to load resource: net::ERR_FAILED @ chrome-extension://invalid/:0
[   24003ms] [ERROR] Failed to load resource: net::ERR_FAILED @ chrome-extension://invalid/:0
[   24104ms] [ERROR] Failed to load resource: net::ERR_FAILED @ chrome-extension://invalid/:0
[   24206ms] [ERROR] Failed to load resource: net::ERR_FAILED @ chrome-extension://invalid/:0
[   24308ms] [ERROR] Failed to load resource: net::ERR_FAILED @ chrome-extension://invalid/:0
[   24412ms] [ERROR] Failed to load resource: net::ERR_FAILED @ chrome-extension://invalid/:0
[   24515ms] [ERROR] Failed to load resource: net::ERR_FAILED @ chrome-extension://invalid/:0
[   24618ms] [ERROR] Failed to load resource: net::ERR_FAILED @ chrome-extension://invalid/:0
[   24720ms] [ERROR] Failed to load resource: net::ERR_FAILED @ chrome-extension://invalid/:0
[   24823ms] [ERROR] Failed to load resource: net::ERR_FAILED @ chrome-extension://invalid/:0
[   24925ms] [ERROR] Failed to load resource: net::ERR_FAILED @ chrome-extension://invalid/:0
[   25031ms] [ERROR] Failed to load resource: net::ERR_FAILED @ chrome-extension://invalid/:0
[   25136ms] [ERROR] Failed to load resource: net::ERR_FAILED @ chrome-extension://invalid/:0
[   25242ms] [ERROR] Failed to load resource: net::ERR_FAILED @ chrome-extension://invalid/:0
[   25345ms] [ERROR] Failed to load resource: net::ERR_FAILED @ chrome-extension://invalid/:0
[   25449ms] [ERROR] Failed to load resource: net::ERR_FAILED @ chrome-extension://invalid/:0
[   25556ms] [ERROR] Failed to load resource: net::ERR_FAILED @ chrome-extension://invalid/:0
[   25666ms] [ERROR] Failed to load resource: net::ERR_FAILED @ chrome-extension://invalid/:0
[   25772ms] [ERROR] Failed to load resource: net::ERR_FAILED @ chrome-extension://invalid/:0
[   25878ms] [ERROR] Failed to load resource: net::ERR_FAILED @ chrome-extension://invalid/:0
[   25981ms] [ERROR] Failed to load resource: net::ERR_FAILED @ chrome-extension://invalid/:0
[   26082ms] [ERROR] Failed to load resource: net::ERR_FAILED @ chrome-extension://invalid/:0
[   26185ms] [ERROR] Failed to load resource: net::ERR_FAILED @ chrome-extension://invalid/:0
[   26288ms] [ERROR] Failed to load resource: net::ERR_FAILED @ chrome-extension://invalid/:0
[   26391ms] [ERROR] Failed to load resource: net::ERR_FAILED @ chrome-extension://invalid/:0
[   26494ms] [ERROR] Failed to load resource: net::ERR_FAILED @ chrome-extension://invalid/:0
[   26600ms] [ERROR] Failed to load resource: net::ERR_FAILED @ chrome-extension://invalid/:0
[   26703ms] [ERROR] Failed to load resource: net::ERR_FAILED @ chrome-extension://invalid/:0
[   26806ms] [ERROR] Failed to load resource: net::ERR_FAILED @ chrome-extension://invalid/:0
[   26908ms] [ERROR] Failed to load resource: net::ERR_FAILED @ chrome-extension://invalid/:0
[   27012ms] [ERROR] Failed to load resource: net::ERR_FAILED @ chrome-extension://invalid/:0
[   27116ms] [ERROR] Failed to load resource: net::ERR_FAILED @ chrome-extension://invalid/:0
[   27217ms] [ERROR] Failed to load resource: net::ERR_FAILED @ chrome-extension://invalid/:0
[   27320ms] [ERROR] Failed to load resource: net::ERR_FAILED @ chrome-extension://invalid/:0
[   27422ms] [ERROR] Failed to load resource: net::ERR_FAILED @ chrome-extension://invalid/:0
[   27524ms] [ERROR] Failed to load resource: net::ERR_FAILED @ chrome-extension://invalid/:0
[   27630ms] [ERROR] Failed to load resource: net::ERR_FAILED @ chrome-extension://invalid/:0
[   27736ms] [ERROR] Failed to load resource: net::ERR_FAILED @ chrome-extension://invalid/:0
[   27840ms] [ERROR] Failed to load resource: net::ERR_FAILED @ chrome-extension://invalid/:0
[   27944ms] [ERROR] Failed to load resource: net::ERR_FAILED @ chrome-extension://invalid/:0
[   28047ms] [ERROR] Failed to load resource: net::ERR_FAILED @ chrome-extension://invalid/:0
[   28154ms] [ERROR] Failed to load resource: net::ERR_FAILED @ chrome-extension://invalid/:0
[   28255ms] [ERROR] Failed to load resource: net::ERR_FAILED @ chrome-extension://invalid/:0
[   28361ms] [ERROR] Failed to load resource: net::ERR_FAILED @ chrome-extension://invalid/:0
[   28465ms] [ERROR] Failed to load resource: net::ERR_FAILED @ chrome-extension://invalid/:0
[   28571ms] [ERROR] Failed to load resource: net::ERR_FAILED @ chrome-extension://invalid/:0
[   28674ms] [ERROR] Failed to load resource: net::ERR_FAILED @ chrome-extension://invalid/:0
[   28780ms] [ERROR] Failed to load resource: net::ERR_FAILED @ chrome-extension://invalid/:0
[   28882ms] [ERROR] Failed to load resource: net::ERR_FAILED @ chrome-extension://invalid/:0
[   28985ms] [ERROR] Failed to load resource: net::ERR_FAILED @ chrome-extension://invalid/:0
[   29089ms] [ERROR] Failed to load resource: net::ERR_FAILED @ chrome-extension://invalid/:0
[   29192ms] [ERROR] Failed to load resource: net::ERR_FAILED @ chrome-extension://invalid/:0
[   29295ms] [ERROR] Failed to load resource: net::ERR_FAILED @ chrome-extension://invalid/:0
[   29402ms] [ERROR] Failed to load resource: net::ERR_FAILED @ chrome-extension://invalid/:0
[   29507ms] [ERROR] Failed to load resource: net::ERR_FAILED @ chrome-extension://invalid/:0
[   29610ms] [ERROR] Failed to load resource: net::ERR_FAILED @ chrome-extension://invalid/:0
[   29711ms] [ERROR] Failed to load resource: net::ERR_FAILED @ chrome-extension://invalid/:0
[   29812ms] [ERROR] Failed to load resource: net::ERR_FAILED @ chrome-extension://invalid/:0
[   29913ms] [ERROR] Failed to load resource: net::ERR_FAILED @ chrome-extension://invalid/:0
[   30015ms] [ERROR] Failed to load resource: net::ERR_FAILED @ chrome-extension://invalid/:0
[   30118ms] [ERROR] Failed to load resource: net::ERR_FAILED @ chrome-extension://invalid/:0
[   30220ms] [ERROR] Failed to load resource: net::ERR_FAILED @ chrome-extension://invalid/:0
[   30323ms] [ERROR] Failed to load resource: net::ERR_FAILED @ chrome-extension://invalid/:0
[   30428ms] [ERROR] Failed to load resource: net::ERR_FAILED @ chrome-extension://invalid/:0
[   30535ms] [ERROR] Failed to load resource: net::ERR_FAILED @ chrome-extension://invalid/:0
[   30638ms] [ERROR] Failed to load resource: net::ERR_FAILED @ chrome-extension://invalid/:0
[   30740ms] [ERROR] Failed to load resource: net::ERR_FAILED @ chrome-extension://invalid/:0
[   30846ms] [ERROR] Failed to load resource: net::ERR_FAILED @ chrome-extension://invalid/:0
[   30951ms] [ERROR] Failed to load resource: net::ERR_FAILED @ chrome-extension://invalid/:0
[   31056ms] [ERROR] Failed to load resource: net::ERR_FAILED @ chrome-extension://invalid/:0
[   31158ms] [ERROR] Failed to load resource: net::ERR_FAILED @ chrome-extension://invalid/:0
[   31263ms] [ERROR] Failed to load resource: net::ERR_FAILED @ chrome-extension://invalid/:0
[   31367ms] [ERROR] Failed to load resource: net::ERR_FAILED @ chrome-extension://invalid/:0
[   31469ms] [ERROR] Failed to load resource: net::ERR_FAILED @ chrome-extension://invalid/:0
[   31571ms] [ERROR] Failed to load resource: net::ERR_FAILED @ chrome-extension://invalid/:0
[   31673ms] [ERROR] Failed to load resource: net::ERR_FAILED @ chrome-extension://invalid/:0
[   31776ms] [ERROR] Failed to load resource: net::ERR_FAILED @ chrome-extension://invalid/:0
[   31880ms] [ERROR] Failed to load resource: net::ERR_FAILED @ chrome-extension://invalid/:0
[   31982ms] [ERROR] Failed to load resource: net::ERR_FAILED @ chrome-extension://invalid/:0
[   32085ms] [ERROR] Failed to load resource: net::ERR_FAILED @ chrome-extension://invalid/:0
[   32188ms] [ERROR] Failed to load resource: net::ERR_FAILED @ chrome-extension://invalid/:0
[   32292ms] [ERROR] Failed to load resource: net::ERR_FAILED @ chrome-extension://invalid/:0
[   32394ms] [ERROR] Failed to load resource: net::ERR_FAILED @ chrome-extension://invalid/:0
[   32498ms] [ERROR] Failed to load resource: net::ERR_FAILED @ chrome-extension://invalid/:0
[   32601ms] [ERROR] Failed to load resource: net::ERR_FAILED @ chrome-extension://invalid/:0
[   32705ms] [ERROR] Failed to load resource: net::ERR_FAILED @ chrome-extension://invalid/:0
[   32807ms] [ERROR] Failed to load resource: net::ERR_FAILED @ chrome-extension://invalid/:0
[   32909ms] [ERROR] Failed to load resource: net::ERR_FAILED @ chrome-extension://invalid/:0
[   33012ms] [ERROR] Failed to load resource: net::ERR_FAILED @ chrome-extension://invalid/:0
[   33112ms] [ERROR] Failed to load resource: net::ERR_FAILED @ chrome-extension://invalid/:0
[   33215ms] [ERROR] Failed to load resource: net::ERR_FAILED @ chrome-extension://invalid/:0
[   33320ms] [ERROR] Failed to load resource: net::ERR_FAILED @ chrome-extension://invalid/:0
[   33492ms] [ERROR] Failed to load resource: net::ERR_FAILED @ chrome-extension://invalid/:0
[   33597ms] [ERROR] Failed to load resource: net::ERR_FAILED @ chrome-extension://invalid/:0
[   33702ms] [ERROR] Failed to load resource: net::ERR_FAILED @ chrome-extension://invalid/:0
[   33804ms] [ERROR] Failed to load resource: net::ERR_FAILED @ chrome-extension://invalid/:0
[   33906ms] [ERROR] Failed to load resource: net::ERR_FAILED @ chrome-extension://invalid/:0
[   34008ms] [ERROR] Failed to load resource: net::ERR_FAILED @ chrome-extension://invalid/:0
[   34110ms] [ERROR] Failed to load resource: net::ERR_FAILED @ chrome-extension://invalid/:0
[   34213ms] [ERROR] Failed to load resource: net::ERR_FAILED @ chrome-extension://invalid/:0
[   34317ms] [ERROR] Failed to load resource: net::ERR_FAILED @ chrome-extension://invalid/:0
[   34419ms] [ERROR] Failed to load resource: net::ERR_FAILED @ chrome-extension://invalid/:0
[   34521ms] [ERROR] Failed to load resource: net::ERR_FAILED @ chrome-extension://invalid/:0
[   34626ms] [ERROR] Failed to load resource: net::ERR_FAILED @ chrome-extension://invalid/:0
[   34728ms] [ERROR] Failed to load resource: net::ERR_FAILED @ chrome-extension://invalid/:0
[   34834ms] [ERROR] Failed to load resource: net::ERR_FAILED @ chrome-extension://invalid/:0
[   34936ms] [ERROR] Failed to load resource: net::ERR_FAILED @ chrome-extension://invalid/:0
[   35040ms] [ERROR] Failed to load resource: net::ERR_FAILED @ chrome-extension://invalid/:0
[   35144ms] [ERROR] Failed to load resource: net::ERR_FAILED @ chrome-extension://invalid/:0
[   35246ms] [ERROR] Failed to load resource: net::ERR_FAILED @ chrome-extension://invalid/:0
[   35350ms] [ERROR] Failed to load resource: net::ERR_FAILED @ chrome-extension://invalid/:0
[   35452ms] [ERROR] Failed to load resource: net::ERR_FAILED @ chrome-extension://invalid/:0
[   35557ms] [ERROR] Failed to load resource: net::ERR_FAILED @ chrome-extension://invalid/:0
[   35661ms] [ERROR] Failed to load resource: net::ERR_FAILED @ chrome-extension://invalid/:0
[   35765ms] [ERROR] Failed to load resource: net::ERR_FAILED @ chrome-extension://invalid/:0
[   35867ms] [ERROR] Failed to load resource: net::ERR_FAILED @ chrome-extension://invalid/:0
[   35969ms] [ERROR] Failed to load resource: net::ERR_FAILED @ chrome-extension://invalid/:0
[   36074ms] [ERROR] Failed to load resource: net::ERR_FAILED @ chrome-extension://invalid/:0
[   36176ms] [ERROR] Failed to load resource: net::ERR_FAILED @ chrome-extension://invalid/:0
[   36282ms] [ERROR] Failed to load resource: net::ERR_FAILED @ chrome-extension://invalid/:0
[   36385ms] [ERROR] Failed to load resource: net::ERR_FAILED @ chrome-extension://invalid/:0
[   36488ms] [ERROR] Failed to load resource: net::ERR_FAILED @ chrome-extension://invalid/:0
[   36592ms] [ERROR] Failed to load resource: net::ERR_FAILED @ chrome-extension://invalid/:0
[   36696ms] [ERROR] Failed to load resource: net::ERR_FAILED @ chrome-extension://invalid/:0
[   36799ms] [ERROR] Failed to load resource: net::ERR_FAILED @ chrome-extension://invalid/:0
[   36905ms] [ERROR] Failed to load resource: net::ERR_FAILED @ chrome-extension://invalid/:0
[   37009ms] [ERROR] Failed to load resource: net::ERR_FAILED @ chrome-extension://invalid/:0
[   37111ms] [ERROR] Failed to load resource: net::ERR_FAILED @ chrome-extension://invalid/:0
[   37214ms] [ERROR] Failed to load resource: net::ERR_FAILED @ chrome-extension://invalid/:0
[   37316ms] [ERROR] Failed to load resource: net::ERR_FAILED @ chrome-extension://invalid/:0
[   37420ms] [ERROR] Failed to load resource: net::ERR_FAILED @ chrome-extension://invalid/:0
[   37526ms] [ERROR] Failed to load resource: net::ERR_FAILED @ chrome-extension://invalid/:0
[   37632ms] [ERROR] Failed to load resource: net::ERR_FAILED @ chrome-extension://invalid/:0
[   37739ms] [ERROR] Failed to load resource: net::ERR_FAILED @ chrome-extension://invalid/:0
[   37841ms] [ERROR] Failed to load resource: net::ERR_FAILED @ chrome-extension://invalid/:0
[   37945ms] [ERROR] Failed to load resource: net::ERR_FAILED @ chrome-extension://invalid/:0
[   38049ms] [ERROR] Failed to load resource: net::ERR_FAILED @ chrome-extension://invalid/:0
[   38150ms] [ERROR] Failed to load resource: net::ERR_FAILED @ chrome-extension://invalid/:0
[   38252ms] [ERROR] Failed to load resource: net::ERR_FAILED @ chrome-extension://invalid/:0
[   38355ms] [ERROR] Failed to load resource: net::ERR_FAILED @ chrome-extension://invalid/:0
[   38458ms] [ERROR] Failed to load resource: net::ERR_FAILED @ chrome-extension://invalid/:0
[   38566ms] [ERROR] Failed to load resource: net::ERR_FAILED @ chrome-extension://invalid/:0
[   38669ms] [ERROR] Failed to load resource: net::ERR_FAILED @ chrome-extension://invalid/:0
[   38775ms] [ERROR] Failed to load resource: net::ERR_FAILED @ chrome-extension://invalid/:0
[   38881ms] [ERROR] Failed to load resource: net::ERR_FAILED @ chrome-extension://invalid/:0
[   38983ms] [ERROR] Failed to load resource: net::ERR_FAILED @ chrome-extension://invalid/:0
[   39085ms] [ERROR] Failed to load resource: net::ERR_FAILED @ chrome-extension://invalid/:0
[   39188ms] [ERROR] Failed to load resource: net::ERR_FAILED @ chrome-extension://invalid/:0
